<?xml version="1.0" encoding="UTF-8"?>
<!-- Generated by org.testng.reporters.JUnitXMLReporter -->
<testsuite hostname="DESKTOP-AS45TDF" ignored="0" name="Default test" tests="8" failures="0" timestamp="2021-08-14T15:45:30 EET" time="10.837" errors="0">
  <testcase name="CheckCheckbox1position" time="1.024" classname="Tests.CheckBoxTest"/>
  <testcase name="CheckCheckbox2position" time="0.501" classname="Tests.CheckBoxTest"/>
  <testcase name="CheckDefaultCheckbox1" time="1.15" classname="Tests.CheckBoxTest"/>
  <testcase name="CheckDefaultCheckbox2" time="1.414" classname="Tests.CheckBoxTest"/>
  <testcase name="ClearCheckbox1" time="0.8" classname="Tests.CheckBoxTest"/>
  <testcase name="ClearCheckbox2" time="0.671" classname="Tests.CheckBoxTest"/>
  <testcase name="SetCheckbox1" time="0.67" classname="Tests.CheckBoxTest"/>
  <testcase name="SetCheckbox2" time="0.988" classname="Tests.CheckBoxTest"/>
</testsuite> <!-- Default test -->
